2022/07/31 20:23:08 ZEBRA: Zebra 1.2.4 starting: vty@2601
2022/07/31 20:23:08 ZEBRA: client 12 says hello and bids fair to announce only bgp routes
2022/07/31 20:23:08 ZEBRA: Try to set TE Link Param
2022/07/31 20:23:08 ZEBRA: Try to set TE Link Param
2022/07/31 20:24:33 ZEBRA: Vty connection from 127.0.0.1
2022/07/31 20:25:48 ZEBRA: client 12 disconnected. 0 bgp routes removed from the rib
2022/07/31 20:25:48 ZEBRA: Terminating on signal
2022/07/31 20:25:48 ZEBRA: IRDP: Received shutdown notification.
2022/07/31 20:32:10 ZEBRA: Zebra 1.2.4 starting: vty@2601
2022/07/31 20:32:10 ZEBRA: client 12 says hello and bids fair to announce only bgp routes
2022/07/31 20:32:10 ZEBRA: Try to set TE Link Param
2022/07/31 20:32:10 ZEBRA: Try to set TE Link Param
2022/07/31 20:32:33 ZEBRA: Terminating on signal
2022/07/31 20:32:33 ZEBRA: IRDP: Received shutdown notification.
2022/07/31 20:33:18 ZEBRA: Zebra 1.2.4 starting: vty@2601
2022/07/31 20:33:18 ZEBRA: client 12 says hello and bids fair to announce only bgp routes
2022/07/31 20:33:18 ZEBRA: Try to set TE Link Param
2022/07/31 20:33:18 ZEBRA: Try to set TE Link Param
2022/07/31 20:33:42 ZEBRA: client 12 disconnected. 0 bgp routes removed from the rib
2022/07/31 20:33:42 ZEBRA: Terminating on signal
2022/07/31 20:33:42 ZEBRA: IRDP: Received shutdown notification.
2022/07/31 20:33:43 ZEBRA: Zebra 1.2.4 starting: vty@2601
2022/07/31 20:33:43 ZEBRA: client 12 says hello and bids fair to announce only bgp routes
2022/07/31 20:33:43 ZEBRA: Try to set TE Link Param
2022/07/31 20:33:43 ZEBRA: Try to set TE Link Param
2022/07/31 20:42:18 ZEBRA: Terminating on signal
2022/07/31 20:42:18 ZEBRA: IRDP: Received shutdown notification.
2022/07/31 20:42:20 ZEBRA: Zebra 1.2.4 starting: vty@2601
2022/07/31 20:42:20 ZEBRA: client 12 says hello and bids fair to announce only bgp routes
2022/07/31 20:42:20 ZEBRA: Try to set TE Link Param
2022/07/31 20:42:20 ZEBRA: Try to set TE Link Param
2022/07/31 20:42:46 ZEBRA: client 12 disconnected. 0 bgp routes removed from the rib
2022/07/31 20:42:46 ZEBRA: Terminating on signal
2022/07/31 20:42:46 ZEBRA: IRDP: Received shutdown notification.
2022/07/31 20:42:48 ZEBRA: Zebra 1.2.4 starting: vty@2601
2022/07/31 20:42:48 ZEBRA: client 12 says hello and bids fair to announce only bgp routes
2022/07/31 20:42:48 ZEBRA: Try to set TE Link Param
2022/07/31 20:42:48 ZEBRA: Try to set TE Link Param
2022/07/31 20:51:29 ZEBRA: Terminating on signal
2022/07/31 20:51:29 ZEBRA: IRDP: Received shutdown notification.
2022/07/31 20:51:30 ZEBRA: Zebra 1.2.4 starting: vty@2601
2022/07/31 20:51:30 ZEBRA: client 12 says hello and bids fair to announce only bgp routes
2022/07/31 20:51:30 ZEBRA: Try to set TE Link Param
2022/07/31 20:51:30 ZEBRA: Try to set TE Link Param
2022/07/31 21:00:16 ZEBRA: Terminating on signal
2022/07/31 21:00:16 ZEBRA: IRDP: Received shutdown notification.
2022/07/31 21:01:56 ZEBRA: Zebra 1.2.4 starting: vty@2601
2022/07/31 21:01:56 ZEBRA: client 12 says hello and bids fair to announce only bgp routes
2022/07/31 21:01:56 ZEBRA: Try to set TE Link Param
2022/07/31 21:01:56 ZEBRA: Try to set TE Link Param
2022/07/31 21:04:19 ZEBRA: Terminating on signal
2022/07/31 21:04:19 ZEBRA: IRDP: Received shutdown notification.
2022/07/31 21:04:20 ZEBRA: Zebra 1.2.4 starting: vty@2601
2022/07/31 21:04:20 ZEBRA: client 12 says hello and bids fair to announce only bgp routes
2022/07/31 21:04:20 ZEBRA: Try to set TE Link Param
2022/07/31 21:04:20 ZEBRA: Try to set TE Link Param
2022/07/31 21:09:00 ZEBRA: client 12 disconnected. 0 bgp routes removed from the rib
2022/07/31 21:09:00 ZEBRA: Terminating on signal
2022/07/31 21:09:00 ZEBRA: IRDP: Received shutdown notification.
2022/07/31 21:09:01 ZEBRA: Zebra 1.2.4 starting: vty@2601
2022/07/31 21:09:01 ZEBRA: client 12 says hello and bids fair to announce only bgp routes
2022/07/31 21:09:01 ZEBRA: Try to set TE Link Param
2022/07/31 21:09:01 ZEBRA: Try to set TE Link Param
2022/07/31 21:12:51 ZEBRA: Terminating on signal
2022/07/31 21:12:51 ZEBRA: IRDP: Received shutdown notification.
2022/07/31 21:12:53 ZEBRA: Zebra 1.2.4 starting: vty@2601
2022/07/31 21:12:53 ZEBRA: client 12 says hello and bids fair to announce only bgp routes
2022/07/31 21:12:53 ZEBRA: Try to set TE Link Param
2022/07/31 21:12:53 ZEBRA: Try to set TE Link Param
2022/07/31 21:18:01 ZEBRA: client 12 disconnected. 0 bgp routes removed from the rib
2022/07/31 21:18:01 ZEBRA: Terminating on signal
2022/07/31 21:18:01 ZEBRA: IRDP: Received shutdown notification.
2022/07/31 21:18:02 ZEBRA: Zebra 1.2.4 starting: vty@2601
2022/07/31 21:18:02 ZEBRA: client 12 says hello and bids fair to announce only bgp routes
2022/07/31 21:18:02 ZEBRA: Try to set TE Link Param
2022/07/31 21:18:02 ZEBRA: Try to set TE Link Param
2022/07/31 21:21:44 ZEBRA: Terminating on signal
2022/07/31 21:21:44 ZEBRA: IRDP: Received shutdown notification.
2022/07/31 21:21:45 ZEBRA: Zebra 1.2.4 starting: vty@2601
2022/07/31 21:21:45 ZEBRA: client 12 says hello and bids fair to announce only bgp routes
2022/07/31 21:21:45 ZEBRA: Try to set TE Link Param
2022/07/31 21:21:45 ZEBRA: Try to set TE Link Param
2022/08/01 18:27:08 ZEBRA: Zebra 1.2.4 starting: vty@2601
2022/08/01 18:27:08 ZEBRA: client 12 says hello and bids fair to announce only bgp routes
2022/08/01 18:27:08 ZEBRA: Try to set TE Link Param
2022/08/01 18:27:08 ZEBRA: Try to set TE Link Param
2022/08/01 18:49:32 ZEBRA: client 12 disconnected. 0 bgp routes removed from the rib
2022/08/01 18:49:32 ZEBRA: Terminating on signal
2022/08/01 18:49:32 ZEBRA: IRDP: Received shutdown notification.
