2022/07/31 18:49:59 ZEBRA: Zebra 1.2.4 starting: vty@2601
2022/07/31 18:49:59 ZEBRA: client 12 says hello and bids fair to announce only bgp routes
2022/07/31 18:49:59 ZEBRA: Try to set TE Link Param
2022/07/31 18:49:59 ZEBRA: Try to set TE Link Param
2022/07/31 18:49:59 ZEBRA: Try to set TE Link Param
2022/07/31 18:50:00 ZEBRA: Try to set TE Link Param
2022/07/31 18:51:27 ZEBRA: Terminating on signal
2022/07/31 18:51:27 ZEBRA: IRDP: Received shutdown notification.
2022/07/31 18:51:30 ZEBRA: Zebra 1.2.4 starting: vty@2601
2022/07/31 18:51:30 ZEBRA: client 12 says hello and bids fair to announce only bgp routes
2022/07/31 18:51:30 ZEBRA: Try to set TE Link Param
2022/07/31 18:51:30 ZEBRA: Try to set TE Link Param
2022/07/31 18:51:30 ZEBRA: Try to set TE Link Param
2022/07/31 18:51:31 ZEBRA: Try to set TE Link Param
2022/07/31 18:52:22 ZEBRA: Terminating on signal
2022/07/31 18:52:22 ZEBRA: IRDP: Received shutdown notification.
2022/07/31 18:52:58 ZEBRA: Zebra 1.2.4 starting: vty@2601
2022/07/31 18:54:00 ZEBRA: Terminating on signal
2022/07/31 18:54:00 ZEBRA: IRDP: Received shutdown notification.
2022/07/31 18:54:02 ZEBRA: Zebra 1.2.4 starting: vty@2601
2022/07/31 18:54:02 ZEBRA: client 12 says hello and bids fair to announce only bgp routes
2022/07/31 18:54:02 ZEBRA: Try to set TE Link Param
2022/07/31 18:54:02 ZEBRA: Try to set TE Link Param
2022/07/31 18:54:02 ZEBRA: Try to set TE Link Param
2022/07/31 18:54:02 ZEBRA: Try to set TE Link Param
2022/07/31 18:54:55 ZEBRA: Terminating on signal
2022/07/31 18:54:55 ZEBRA: IRDP: Received shutdown notification.
2022/07/31 18:54:57 ZEBRA: Zebra 1.2.4 starting: vty@2601
2022/07/31 18:54:57 ZEBRA: client 12 says hello and bids fair to announce only bgp routes
2022/07/31 18:54:57 ZEBRA: Try to set TE Link Param
2022/07/31 18:54:57 ZEBRA: Try to set TE Link Param
2022/07/31 18:54:57 ZEBRA: Try to set TE Link Param
2022/07/31 18:54:58 ZEBRA: Try to set TE Link Param
2022/07/31 18:59:47 ZEBRA: Terminating on signal
2022/07/31 18:59:47 ZEBRA: IRDP: Received shutdown notification.
2022/07/31 18:59:48 ZEBRA: Zebra 1.2.4 starting: vty@2601
2022/07/31 18:59:48 ZEBRA: client 12 says hello and bids fair to announce only bgp routes
2022/07/31 18:59:48 ZEBRA: Try to set TE Link Param
2022/07/31 18:59:48 ZEBRA: Try to set TE Link Param
2022/07/31 18:59:48 ZEBRA: Try to set TE Link Param
2022/07/31 18:59:49 ZEBRA: Try to set TE Link Param
2022/07/31 19:07:38 ZEBRA: Vty connection from 127.0.0.1
2022/07/31 19:12:36 ZEBRA: Terminating on signal
2022/07/31 19:12:36 ZEBRA: IRDP: Received shutdown notification.
2022/07/31 19:12:38 ZEBRA: Zebra 1.2.4 starting: vty@2601
2022/07/31 19:12:38 ZEBRA: client 12 says hello and bids fair to announce only bgp routes
2022/07/31 19:12:38 ZEBRA: Try to set TE Link Param
2022/07/31 19:12:38 ZEBRA: Try to set TE Link Param
2022/07/31 19:12:38 ZEBRA: Try to set TE Link Param
2022/07/31 19:12:38 ZEBRA: Try to set TE Link Param
2022/07/31 19:13:33 ZEBRA: Terminating on signal
2022/07/31 19:13:33 ZEBRA: IRDP: Received shutdown notification.
2022/07/31 19:13:35 ZEBRA: Zebra 1.2.4 starting: vty@2601
2022/07/31 19:13:35 ZEBRA: client 12 says hello and bids fair to announce only bgp routes
2022/07/31 19:13:35 ZEBRA: Try to set TE Link Param
2022/07/31 19:13:35 ZEBRA: Try to set TE Link Param
2022/07/31 19:13:35 ZEBRA: Try to set TE Link Param
2022/07/31 19:13:35 ZEBRA: Try to set TE Link Param
2022/07/31 19:17:41 ZEBRA: Terminating on signal
2022/07/31 19:17:41 ZEBRA: IRDP: Received shutdown notification.
2022/07/31 20:27:05 ZEBRA: Zebra 1.2.4 starting: vty@2601
2022/07/31 20:27:05 ZEBRA: client 12 says hello and bids fair to announce only bgp routes
2022/07/31 20:27:05 ZEBRA: Try to set TE Link Param
2022/07/31 20:27:05 ZEBRA: Try to set TE Link Param
2022/07/31 20:27:05 ZEBRA: Try to set TE Link Param
2022/07/31 20:27:06 ZEBRA: Try to set TE Link Param
2022/07/31 20:27:46 ZEBRA: Terminating on signal
2022/07/31 20:27:46 ZEBRA: IRDP: Received shutdown notification.
2022/07/31 20:28:00 ZEBRA: Zebra 1.2.4 starting: vty@2601
2022/07/31 20:28:00 ZEBRA: client 12 says hello and bids fair to announce only bgp routes
2022/07/31 20:28:00 ZEBRA: Try to set TE Link Param
2022/07/31 20:28:00 ZEBRA: Try to set TE Link Param
2022/07/31 20:28:00 ZEBRA: Try to set TE Link Param
2022/07/31 20:28:01 ZEBRA: Try to set TE Link Param
2022/07/31 20:28:26 ZEBRA: client 12 disconnected. 0 bgp routes removed from the rib
2022/07/31 20:28:26 ZEBRA: Terminating on signal
2022/07/31 20:28:26 ZEBRA: IRDP: Received shutdown notification.
2022/07/31 20:28:27 ZEBRA: Zebra 1.2.4 starting: vty@2601
2022/07/31 20:28:27 ZEBRA: client 12 says hello and bids fair to announce only bgp routes
2022/07/31 20:28:27 ZEBRA: Try to set TE Link Param
2022/07/31 20:28:27 ZEBRA: Try to set TE Link Param
2022/07/31 20:28:27 ZEBRA: Try to set TE Link Param
2022/07/31 20:28:28 ZEBRA: Try to set TE Link Param
2022/07/31 20:29:17 ZEBRA: client 12 disconnected. 0 bgp routes removed from the rib
2022/07/31 20:29:17 ZEBRA: Terminating on signal
2022/07/31 20:29:17 ZEBRA: IRDP: Received shutdown notification.
2022/07/31 20:29:19 ZEBRA: Zebra 1.2.4 starting: vty@2601
2022/07/31 20:29:19 ZEBRA: client 12 says hello and bids fair to announce only bgp routes
2022/07/31 20:29:19 ZEBRA: Try to set TE Link Param
2022/07/31 20:29:19 ZEBRA: Try to set TE Link Param
2022/07/31 20:29:19 ZEBRA: Try to set TE Link Param
2022/07/31 20:29:19 ZEBRA: Try to set TE Link Param
2022/07/31 20:31:52 ZEBRA: Terminating on signal
2022/07/31 20:31:52 ZEBRA: IRDP: Received shutdown notification.
