2022/08/02 00:16:33 ZEBRA: Zebra 1.2.4 starting: vty@2601
2022/08/02 00:16:33 ZEBRA: client 12 says hello and bids fair to announce only bgp routes
2022/08/02 00:16:33 ZEBRA: Try to set TE Link Param
2022/08/02 00:16:33 ZEBRA: Try to set TE Link Param
2022/08/02 00:16:33 ZEBRA: Try to set TE Link Param
2022/08/02 00:42:04 ZEBRA: Terminating on signal
2022/08/02 00:42:04 ZEBRA: IRDP: Received shutdown notification.
2022/08/02 00:42:07 ZEBRA: Zebra 1.2.4 starting: vty@2601
2022/08/02 00:42:07 ZEBRA: client 12 says hello and bids fair to announce only bgp routes
2022/08/02 00:42:07 ZEBRA: Try to set TE Link Param
2022/08/02 00:42:07 ZEBRA: Try to set TE Link Param
2022/08/02 00:42:07 ZEBRA: Try to set TE Link Param
2022/08/02 00:45:49 ZEBRA: Terminating on signal
2022/08/02 00:45:49 ZEBRA: IRDP: Received shutdown notification.
2022/08/02 00:46:30 ZEBRA: Zebra 1.2.4 starting: vty@2601
2022/08/02 00:46:30 ZEBRA: client 12 says hello and bids fair to announce only bgp routes
2022/08/02 00:46:30 ZEBRA: Try to set TE Link Param
2022/08/02 00:46:30 ZEBRA: Try to set TE Link Param
2022/08/02 00:46:30 ZEBRA: Try to set TE Link Param
2022/08/02 00:53:21 ZEBRA: Terminating on signal
2022/08/02 00:53:21 ZEBRA: IRDP: Received shutdown notification.
