2022/07/25 20:19:08 ZEBRA: Zebra 1.2.4 starting: vty@2601
2022/07/25 20:19:08 ZEBRA: client 12 says hello and bids fair to announce only bgp routes
2022/07/25 20:19:08 ZEBRA: Try to set TE Link Param
2022/07/25 20:19:08 ZEBRA: Try to set TE Link Param
2022/07/25 20:19:08 ZEBRA: Try to set TE Link Param
2022/07/25 20:22:23 ZEBRA: Terminating on signal
2022/07/25 20:22:23 ZEBRA: IRDP: Received shutdown notification.
2022/07/25 20:22:25 ZEBRA: Zebra 1.2.4 starting: vty@2601
2022/07/25 20:22:25 ZEBRA: client 12 says hello and bids fair to announce only bgp routes
2022/07/25 20:22:25 ZEBRA: Try to set TE Link Param
2022/07/25 20:22:25 ZEBRA: Try to set TE Link Param
2022/07/25 20:22:25 ZEBRA: Try to set TE Link Param
2022/07/25 20:26:35 ZEBRA: Terminating on signal
2022/07/25 20:26:35 ZEBRA: IRDP: Received shutdown notification.
2022/07/25 20:26:38 ZEBRA: Zebra 1.2.4 starting: vty@2601
2022/07/25 20:26:38 ZEBRA: client 12 says hello and bids fair to announce only bgp routes
2022/07/25 20:26:38 ZEBRA: Try to set TE Link Param
2022/07/25 20:26:38 ZEBRA: Try to set TE Link Param
2022/07/25 20:26:38 ZEBRA: Try to set TE Link Param
2022/07/25 20:31:52 ZEBRA: Terminating on signal
2022/07/25 20:31:52 ZEBRA: IRDP: Received shutdown notification.
2022/07/25 20:31:54 ZEBRA: Zebra 1.2.4 starting: vty@2601
2022/07/25 20:31:54 ZEBRA: client 12 says hello and bids fair to announce only bgp routes
2022/07/25 20:31:54 ZEBRA: Try to set TE Link Param
2022/07/25 20:31:54 ZEBRA: Try to set TE Link Param
2022/07/25 20:31:54 ZEBRA: Try to set TE Link Param
2022/07/25 20:42:22 ZEBRA: Terminating on signal
2022/07/25 20:42:22 ZEBRA: IRDP: Received shutdown notification.
2022/07/25 20:42:24 ZEBRA: Zebra 1.2.4 starting: vty@2601
2022/07/25 20:42:24 ZEBRA: client 12 says hello and bids fair to announce only bgp routes
2022/07/25 20:42:24 ZEBRA: Try to set TE Link Param
2022/07/25 20:42:24 ZEBRA: Try to set TE Link Param
2022/07/25 20:42:24 ZEBRA: Try to set TE Link Param
2022/07/25 20:51:39 ZEBRA: Terminating on signal
2022/07/25 20:51:39 ZEBRA: IRDP: Received shutdown notification.
2022/07/25 20:51:41 ZEBRA: Zebra 1.2.4 starting: vty@2601
2022/07/25 20:51:41 ZEBRA: client 12 says hello and bids fair to announce only bgp routes
2022/07/25 20:51:41 ZEBRA: Try to set TE Link Param
2022/07/25 20:51:41 ZEBRA: Try to set TE Link Param
2022/07/25 20:51:41 ZEBRA: Try to set TE Link Param
2022/07/25 20:57:29 ZEBRA: client 12 disconnected. 0 bgp routes removed from the rib
2022/07/25 20:57:29 ZEBRA: Terminating on signal
2022/07/25 20:57:29 ZEBRA: IRDP: Received shutdown notification.
2022/07/25 20:57:31 ZEBRA: Zebra 1.2.4 starting: vty@2601
2022/07/25 20:57:31 ZEBRA: client 12 says hello and bids fair to announce only bgp routes
2022/07/25 20:57:31 ZEBRA: Try to set TE Link Param
2022/07/25 20:57:31 ZEBRA: Try to set TE Link Param
2022/07/25 20:57:31 ZEBRA: Try to set TE Link Param
2022/07/25 20:57:48 ZEBRA: Terminating on signal
2022/07/25 20:57:48 ZEBRA: IRDP: Received shutdown notification.
2022/07/25 20:58:06 ZEBRA: Zebra 1.2.4 starting: vty@2601
2022/07/25 20:58:06 ZEBRA: client 12 says hello and bids fair to announce only bgp routes
2022/07/25 20:58:06 ZEBRA: Try to set TE Link Param
2022/07/25 20:58:06 ZEBRA: Try to set TE Link Param
2022/07/25 20:58:06 ZEBRA: Try to set TE Link Param
2022/07/25 20:59:11 ZEBRA: Terminating on signal
2022/07/25 20:59:11 ZEBRA: IRDP: Received shutdown notification.
